<?xml version="1.0" encoding="UTF-8"?>
<!-- Generated by org.testng.reporters.JUnitReportReporter -->
<testsuite hostname="ideapad" failures="0" tests="2" name="com.pingcrm.tests.LoginTests" time="22.224" errors="0" timestamp="2024-08-02T09:38:44 IST" skipped="0">
  <testcase classname="com.pingcrm.tests.LoginTests" name="canUserSeeErrorMessageWhenLoginWithWrongCredentials" time="5.095"/>
  <testcase classname="com.pingcrm.tests.LoginTests" name="canUserLoginWithPostiveInputs" time="17.129"/>
</testsuite> <!-- com.pingcrm.tests.LoginTests -->
